Using pre-set license
Built from '2021.2/staging' branch; Version is '2021.2.7f1 (6bd9e232123f) revision 7068130'; Using compiler version '192829333'; Build Type 'Release'
OS: 'Windows 10  (10.0.19043) 64bit Professional' Language: 'en' Physical Memory: 7968 MB
BatchMode: 1, IsHumanControllingUs: 0, StartBugReporterOnCrash: 0, Is64bit: 1, IsPro: 0

COMMAND LINE ARGUMENTS:
C:\Program Files\Unity\Hub\Editor\2021.2.7f1\Unity.exe
-adb2
-batchMode
-noUpm
-name
AssetImportWorker0
-projectPath
D:/Unityprojects/AR-Foundation-Demo
-logFile
Logs/AssetImportWorker0.log
-srvPort
56304
Successfully changed project path to: D:/Unityprojects/AR-Foundation-Demo
D:/Unityprojects/AR-Foundation-Demo
[UnityMemory] Configuration Parameters - Can be set up in boot.config
    "memorysetup-bucket-allocator-granularity=16"
    "memorysetup-bucket-allocator-bucket-count=8"
    "memorysetup-bucket-allocator-block-size=33554432"
    "memorysetup-bucket-allocator-block-count=8"
    "memorysetup-main-allocator-block-size=16777216"
    "memorysetup-thread-allocator-block-size=16777216"
    "memorysetup-gfx-main-allocator-block-size=16777216"
    "memorysetup-gfx-thread-allocator-block-size=16777216"
    "memorysetup-cache-allocator-block-size=4194304"
    "memorysetup-typetree-allocator-block-size=2097152"
    "memorysetup-profiler-bucket-allocator-granularity=16"
    "memorysetup-profiler-bucket-allocator-bucket-count=8"
    "memorysetup-profiler-bucket-allocator-block-size=33554432"
    "memorysetup-profiler-bucket-allocator-block-count=8"
    "memorysetup-profiler-allocator-block-size=16777216"
    "memorysetup-profiler-editor-allocator-block-size=1048576"
    "memorysetup-temp-allocator-size-main=16777216"
    "memorysetup-job-temp-allocator-block-size=2097152"
    "memorysetup-job-temp-allocator-block-size-background=1048576"
    "memorysetup-job-temp-allocator-reduction-small-platforms=262144"
    "memorysetup-temp-allocator-size-background-worker=32768"
    "memorysetup-temp-allocator-size-job-worker=262144"
    "memorysetup-temp-allocator-size-preload-manager=33554432"
    "memorysetup-temp-allocator-size-nav-mesh-worker=65536"
    "memorysetup-temp-allocator-size-audio-worker=65536"
    "memorysetup-temp-allocator-size-cloud-worker=32768"
    "memorysetup-temp-allocator-size-gi-baking-worker=262144"
    "memorysetup-temp-allocator-size-gfx=262144"
Refreshing native plugins compatible for Editor in 75.13 ms, found 3 plugins.
Preloading 0 native plugins for Editor in 0.00 ms.
Initialize engine version: 2021.2.7f1 (6bd9e232123f)
[Subsystems] Discovering subsystems at path C:/Program Files/Unity/Hub/Editor/2021.2.7f1/Data/Resources/UnitySubsystems
[Subsystems] Discovering subsystems at path D:/Unityprojects/AR-Foundation-Demo/Assets
GfxDevice: creating device client; threaded=0; jobified=0
Direct3D:
    Version:  Direct3D 11.0 [level 11.1]
    Renderer: Intel(R) HD Graphics 520 (ID=0x1916)
    Vendor:   Intel
    VRAM:     3984 MB
    Driver:   27.20.100.8681
Initialize mono
Mono path[0] = 'C:/Program Files/Unity/Hub/Editor/2021.2.7f1/Data/Managed'
Mono path[1] = 'C:/Program Files/Unity/Hub/Editor/2021.2.7f1/Data/MonoBleedingEdge/lib/mono/unityjit-win32'
Mono config path = 'C:/Program Files/Unity/Hub/Editor/2021.2.7f1/Data/MonoBleedingEdge/etc'
Using monoOptions --debugger-agent=transport=dt_socket,embedding=1,server=y,suspend=n,address=127.0.0.1:56344
Begin MonoManager ReloadAssembly
Registering precompiled unity dll's ...
Register platform support module: C:/Program Files/Unity/Hub/Editor/2021.2.7f1/Data/PlaybackEngines/WebGLSupport/UnityEditor.WebGL.Extensions.dll
Register platform support module: C:/Program Files/Unity/Hub/Editor/2021.2.7f1/Data/PlaybackEngines/WindowsStandaloneSupport/UnityEditor.WindowsStandalone.Extensions.dll
Registered in 0.020389 seconds.
Native extension for WindowsStandalone target not found
Native extension for WebGL target not found
Refreshing native plugins compatible for Editor in 70.02 ms, found 3 plugins.
Preloading 0 native plugins for Editor in 0.00 ms.
Mono: successfully reloaded assembly
- Completed reload, in  1.514 seconds
Domain Reload Profiling:
	ReloadAssembly (1515ms)
		BeginReloadAssembly (174ms)
			ExecutionOrderSort (0ms)
			DisableScriptedObjects (0ms)
			BackupInstance (0ms)
			ReleaseScriptingObjects (0ms)
			CreateAndSetChildDomain (2ms)
		EndReloadAssembly (1116ms)
			LoadAssemblies (170ms)
			RebuildTransferFunctionScriptingTraits (0ms)
			SetupTypeCache (280ms)
			ReleaseScriptCaches (0ms)
			RebuildScriptCaches (73ms)
			SetupLoadedEditorAssemblies (637ms)
				LogAssemblyErrors (0ms)
				InitializePlatformSupportModulesInManaged (39ms)
				SetLoadedEditorAssemblies (1ms)
				RefreshPlugins (70ms)
				BeforeProcessingInitializeOnLoad (4ms)
				ProcessInitializeOnLoadAttributes (412ms)
				ProcessInitializeOnLoadMethodAttributes (112ms)
				AfterProcessingInitializeOnLoad (0ms)
				EditorAssembliesLoaded (0ms)
			ExecutionOrderSort2 (0ms)
			AwakeInstancesAfterBackupRestoration (0ms)
Platform modules already initialized, skipping
Registering precompiled user dll's ...
Registered in 0.006696 seconds.
Begin MonoManager ReloadAssembly
Native extension for WindowsStandalone target not found
Native extension for WebGL target not found
Refreshing native plugins compatible for Editor in 1.25 ms, found 3 plugins.
Preloading 0 native plugins for Editor in 0.00 ms.
Package Manager log level set to [2]
Mono: successfully reloaded assembly
- Completed reload, in  2.661 seconds
Domain Reload Profiling:
	ReloadAssembly (2663ms)
		BeginReloadAssembly (253ms)
			ExecutionOrderSort (0ms)
			DisableScriptedObjects (15ms)
			BackupInstance (0ms)
			ReleaseScriptingObjects (0ms)
			CreateAndSetChildDomain (41ms)
		EndReloadAssembly (2186ms)
			LoadAssemblies (156ms)
			RebuildTransferFunctionScriptingTraits (0ms)
			SetupTypeCache (729ms)
			ReleaseScriptCaches (1ms)
			RebuildScriptCaches (106ms)
			SetupLoadedEditorAssemblies (1010ms)
				LogAssemblyErrors (0ms)
				InitializePlatformSupportModulesInManaged (65ms)
				SetLoadedEditorAssemblies (7ms)
				RefreshPlugins (1ms)
				BeforeProcessingInitializeOnLoad (255ms)
				ProcessInitializeOnLoadAttributes (613ms)
				ProcessInitializeOnLoadMethodAttributes (50ms)
				AfterProcessingInitializeOnLoad (18ms)
				EditorAssembliesLoaded (0ms)
			ExecutionOrderSort2 (0ms)
			AwakeInstancesAfterBackupRestoration (14ms)
Platform modules already initialized, skipping
========================================================================
Worker process is ready to serve import requests
Launched and connected shader compiler UnityShaderCompiler.exe after 0.15 seconds
Refreshing native plugins compatible for Editor in 0.78 ms, found 3 plugins.
Preloading 0 native plugins for Editor in 0.00 ms.
Unloading 1963 Unused Serialized files (Serialized files now loaded: 0)
Unloading 21 unused Assets / (75.0 KB). Loaded Objects now: 2427.
Memory consumption went from 82.1 MB to 82.0 MB.
Total: 4.951300 ms (FindLiveObjects: 0.327300 ms CreateObjectMapping: 0.191300 ms MarkObjects: 4.298900 ms  DeleteObjects: 0.131400 ms)

AssetImportParameters requested are different than current active one (requested -> active):
  custom:video-decoder-ogg-theora: a1e56fd34408186e4bbccfd4996cb3dc -> 
  custom:container-muxer-webm: aa71ff27fc2769a1b78a27578f13a17b -> 
  custom:container-demuxer-webm: 4f35f7cbe854078d1ac9338744f61a02 -> 
  custom:video-encoder-webm-vp8: eb34c28f22e8b96e1ab97ce403110664 -> 
  custom:audio-encoder-webm-vorbis: bf7c407c2cedff20999df2af8eb42d56 -> 
  custom:framework-win-MediaFoundation: 216162199b28c13a410421893ffa2e32 -> 
  custom:container-demuxer-ogg: 62fdf1f143b41e24485cea50d1cbac27 -> 
  custom:video-decoder-webm-vp8: 9c59270c3fd7afecdb556c50c9e8de78 -> 
  custom:audio-decoder-ogg-vorbis: bf7c407c2cedff20999df2af8eb42d56 -> 
========================================================================
Received Import Request.
  Time since last request: 23055.613231 seconds.
  path: Assets/Prefabs/BeatingHeart/materials
  artifactKey: Guid(02db40802453cdc468c87f8eefbcdf42) Importer(815301076,1909f56bfc062723c751e8b465ee728b)
Start importing Assets/Prefabs/BeatingHeart/materials using Guid(02db40802453cdc468c87f8eefbcdf42) Importer(815301076,1909f56bfc062723c751e8b465ee728b)  -> (artifact id: 'e1385e22e119eae198b89f6d1f274f9c') in 0.019912 seconds 
========================================================================
Received Import Request.
  Time since last request: 0.000045 seconds.
  path: Assets/Prefabs/BeatingHeart/materials/21440_Heart_v1.obj
  artifactKey: Guid(713f0253717e0584b8d38a382275de26) Importer(815301076,1909f56bfc062723c751e8b465ee728b)
Start importing Assets/Prefabs/BeatingHeart/materials/21440_Heart_v1.obj using Guid(713f0253717e0584b8d38a382275de26) Importer(815301076,1909f56bfc062723c751e8b465ee728b)  -> (artifact id: '07c3d80a1c039833bdb9aa9706dab633') in 0.550460 seconds 
========================================================================
Received Prepare
Refreshing native plugins compatible for Editor in 3.72 ms, found 3 plugins.
Preloading 0 native plugins for Editor in 0.00 ms.
Unloading 13 Unused Serialized files (Serialized files now loaded: 0)
Unloading 12 unused Assets / (21.9 KB). Loaded Objects now: 2471.
Memory consumption went from 46.9 MB to 46.9 MB.
Total: 11.367000 ms (FindLiveObjects: 0.287500 ms CreateObjectMapping: 0.190300 ms MarkObjects: 10.858200 ms  DeleteObjects: 0.029000 ms)

AssetImportParameters requested are different than current active one (requested -> active):
  custom:video-decoder-ogg-theora: a1e56fd34408186e4bbccfd4996cb3dc -> 
  custom:container-muxer-webm: aa71ff27fc2769a1b78a27578f13a17b -> 
  custom:container-demuxer-webm: 4f35f7cbe854078d1ac9338744f61a02 -> 
  custom:video-encoder-webm-vp8: eb34c28f22e8b96e1ab97ce403110664 -> 
  custom:audio-encoder-webm-vorbis: bf7c407c2cedff20999df2af8eb42d56 -> 
  custom:framework-win-MediaFoundation: 216162199b28c13a410421893ffa2e32 -> 
  custom:container-demuxer-ogg: 62fdf1f143b41e24485cea50d1cbac27 -> 
  custom:video-decoder-webm-vp8: 9c59270c3fd7afecdb556c50c9e8de78 -> 
  custom:audio-decoder-ogg-vorbis: bf7c407c2cedff20999df2af8eb42d56 -> 
========================================================================
Received Import Request.
  Time since last request: 168.984211 seconds.
  path: Assets/Materials/21440_Heart_v1.obj
  artifactKey: Guid(040d44fe0c1e2a84399d0eecced78cc5) Importer(815301076,1909f56bfc062723c751e8b465ee728b)
Start importing Assets/Materials/21440_Heart_v1.obj using Guid(040d44fe0c1e2a84399d0eecced78cc5) Importer(815301076,1909f56bfc062723c751e8b465ee728b)  -> (artifact id: 'e7d81469e9b671b99aa941868bdc267d') in 0.116411 seconds 
========================================================================
Received Import Request.
  Time since last request: 22.674378 seconds.
  path: Assets/Prefabs/BeatingHeart/materials/21440_Heart_v1.obj
  artifactKey: Guid(713f0253717e0584b8d38a382275de26) Importer(815301076,1909f56bfc062723c751e8b465ee728b)
Start importing Assets/Prefabs/BeatingHeart/materials/21440_Heart_v1.obj using Guid(713f0253717e0584b8d38a382275de26) Importer(815301076,1909f56bfc062723c751e8b465ee728b)  -> (artifact id: '0887d04d48675b54a6e38d258b8ac26a') in 0.066693 seconds 
========================================================================
Received Import Request.
  Time since last request: 0.000042 seconds.
  path: Assets/Prefabs/BeatingHeart/materials/21440_Heart_v1Mat.mat
  artifactKey: Guid(499cfea01c0479a408b361cf9cfbfe5b) Importer(815301076,1909f56bfc062723c751e8b465ee728b)
Start importing Assets/Prefabs/BeatingHeart/materials/21440_Heart_v1Mat.mat using Guid(499cfea01c0479a408b361cf9cfbfe5b) Importer(815301076,1909f56bfc062723c751e8b465ee728b)  -> (artifact id: '66ba0749172fc0beb0e3d6b2b10b9a6f') in 0.064185 seconds 
========================================================================
Received Prepare
Registering precompiled user dll's ...
Registered in 0.020820 seconds.
Begin MonoManager ReloadAssembly
Native extension for WindowsStandalone target not found
Native extension for WebGL target not found
Refreshing native plugins compatible for Editor in 0.87 ms, found 3 plugins.
Preloading 0 native plugins for Editor in 0.00 ms.
Mono: successfully reloaded assembly
- Completed reload, in  2.207 seconds
Domain Reload Profiling:
	ReloadAssembly (2208ms)
		BeginReloadAssembly (443ms)
			ExecutionOrderSort (0ms)
			DisableScriptedObjects (11ms)
			BackupInstance (0ms)
			ReleaseScriptingObjects (0ms)
			CreateAndSetChildDomain (97ms)
		EndReloadAssembly (1485ms)
			LoadAssemblies (276ms)
			RebuildTransferFunctionScriptingTraits (0ms)
			SetupTypeCache (400ms)
			ReleaseScriptCaches (2ms)
			RebuildScriptCaches (100ms)
			SetupLoadedEditorAssemblies (691ms)
				LogAssemblyErrors (0ms)
				InitializePlatformSupportModulesInManaged (31ms)
				SetLoadedEditorAssemblies (1ms)
				RefreshPlugins (1ms)
				BeforeProcessingInitializeOnLoad (126ms)
				ProcessInitializeOnLoadAttributes (464ms)
				ProcessInitializeOnLoadMethodAttributes (51ms)
				AfterProcessingInitializeOnLoad (16ms)
				EditorAssembliesLoaded (0ms)
			ExecutionOrderSort2 (0ms)
			AwakeInstancesAfterBackupRestoration (18ms)
Platform modules already initialized, skipping
Switching build target platform(19) subTarget(0) extendedPlatform(0) -> platform(13) subTarget(0) extendedPlatform(0)
Refreshing native plugins compatible for Editor in 0.64 ms, found 3 plugins.
Preloading 0 native plugins for Editor in 0.00 ms.
Unloading 1949 Unused Serialized files (Serialized files now loaded: 0)
Unloading 15 unused Assets / (24.6 KB). Loaded Objects now: 2473.
Memory consumption went from 85.6 MB to 85.6 MB.
Total: 4.710200 ms (FindLiveObjects: 0.326100 ms CreateObjectMapping: 0.184300 ms MarkObjects: 4.160300 ms  DeleteObjects: 0.037900 ms)

AssetImportParameters requested are different than current active one (requested -> active):
  custom:video-decoder-ogg-theora: a1e56fd34408186e4bbccfd4996cb3dc -> 
  custom:container-muxer-webm: aa71ff27fc2769a1b78a27578f13a17b -> 
  custom:container-demuxer-webm: 4f35f7cbe854078d1ac9338744f61a02 -> 
  custom:video-encoder-webm-vp8: eb34c28f22e8b96e1ab97ce403110664 -> 
  custom:audio-encoder-webm-vorbis: bf7c407c2cedff20999df2af8eb42d56 -> 
  custom:framework-win-MediaFoundation: 216162199b28c13a410421893ffa2e32 -> 
  custom:container-demuxer-ogg: 62fdf1f143b41e24485cea50d1cbac27 -> 
  custom:video-decoder-webm-vp8: 9c59270c3fd7afecdb556c50c9e8de78 -> 
  custom:audio-decoder-ogg-vorbis: bf7c407c2cedff20999df2af8eb42d56 -> 
========================================================================
Received Prepare
Registering precompiled user dll's ...
Registered in 0.013555 seconds.
Begin MonoManager ReloadAssembly
Native extension for WindowsStandalone target not found
Native extension for WebGL target not found
Refreshing native plugins compatible for Editor in 0.67 ms, found 3 plugins.
Preloading 0 native plugins for Editor in 0.00 ms.
Mono: successfully reloaded assembly
- Completed reload, in  2.442 seconds
Domain Reload Profiling:
	ReloadAssembly (2444ms)
		BeginReloadAssembly (382ms)
			ExecutionOrderSort (0ms)
			DisableScriptedObjects (17ms)
			BackupInstance (0ms)
			ReleaseScriptingObjects (0ms)
			CreateAndSetChildDomain (90ms)
		EndReloadAssembly (1790ms)
			LoadAssemblies (232ms)
			RebuildTransferFunctionScriptingTraits (0ms)
			SetupTypeCache (578ms)
			ReleaseScriptCaches (2ms)
			RebuildScriptCaches (110ms)
			SetupLoadedEditorAssemblies (759ms)
				LogAssemblyErrors (0ms)
				InitializePlatformSupportModulesInManaged (34ms)
				SetLoadedEditorAssemblies (1ms)
				RefreshPlugins (1ms)
				BeforeProcessingInitializeOnLoad (133ms)
				ProcessInitializeOnLoadAttributes (525ms)
				ProcessInitializeOnLoadMethodAttributes (49ms)
				AfterProcessingInitializeOnLoad (16ms)
				EditorAssembliesLoaded (0ms)
			ExecutionOrderSort2 (0ms)
			AwakeInstancesAfterBackupRestoration (16ms)
Platform modules already initialized, skipping
Switching build target platform(19) subTarget(0) extendedPlatform(0) -> platform(13) subTarget(0) extendedPlatform(0)
Refreshing native plugins compatible for Editor in 1.70 ms, found 3 plugins.
Preloading 0 native plugins for Editor in 0.00 ms.
Unloading 1949 Unused Serialized files (Serialized files now loaded: 0)
Unloading 15 unused Assets / (24.6 KB). Loaded Objects now: 2476.
Memory consumption went from 85.6 MB to 85.6 MB.
Total: 5.526100 ms (FindLiveObjects: 0.263800 ms CreateObjectMapping: 0.168300 ms MarkObjects: 5.060400 ms  DeleteObjects: 0.031800 ms)

AssetImportParameters requested are different than current active one (requested -> active):
  custom:video-decoder-ogg-theora: a1e56fd34408186e4bbccfd4996cb3dc -> 
  custom:container-muxer-webm: aa71ff27fc2769a1b78a27578f13a17b -> 
  custom:container-demuxer-webm: 4f35f7cbe854078d1ac9338744f61a02 -> 
  custom:video-encoder-webm-vp8: eb34c28f22e8b96e1ab97ce403110664 -> 
  custom:audio-encoder-webm-vorbis: bf7c407c2cedff20999df2af8eb42d56 -> 
  custom:framework-win-MediaFoundation: 216162199b28c13a410421893ffa2e32 -> 
  custom:container-demuxer-ogg: 62fdf1f143b41e24485cea50d1cbac27 -> 
  custom:video-decoder-webm-vp8: 9c59270c3fd7afecdb556c50c9e8de78 -> 
  custom:audio-decoder-ogg-vorbis: bf7c407c2cedff20999df2af8eb42d56 -> 
========================================================================
Received Import Request.
  Time since last request: 215.333634 seconds.
  path: Assets/Prefabs/BeatingHeart/materials/21440_Heart_v1.obj
  artifactKey: Guid(713f0253717e0584b8d38a382275de26) Importer(815301076,1909f56bfc062723c751e8b465ee728b)
Start importing Assets/Prefabs/BeatingHeart/materials/21440_Heart_v1.obj using Guid(713f0253717e0584b8d38a382275de26) Importer(815301076,1909f56bfc062723c751e8b465ee728b)  -> (artifact id: '51ff8ea34739ab8a3013df9591202263') in 0.306876 seconds 
========================================================================
Received Import Request.
  Time since last request: 0.000039 seconds.
  path: Assets/Prefabs/BeatingHeart/materials/21440_Heart_v1Mat.mat
  artifactKey: Guid(499cfea01c0479a408b361cf9cfbfe5b) Importer(815301076,1909f56bfc062723c751e8b465ee728b)
Start importing Assets/Prefabs/BeatingHeart/materials/21440_Heart_v1Mat.mat using Guid(499cfea01c0479a408b361cf9cfbfe5b) Importer(815301076,1909f56bfc062723c751e8b465ee728b)  -> (artifact id: 'fa24663efa25681f945e14ae7d4e23ef') in 0.080810 seconds 
========================================================================
Received Prepare
Refreshing native plugins compatible for Editor in 8.61 ms, found 3 plugins.
Preloading 0 native plugins for Editor in 0.00 ms.
Unloading 12 Unused Serialized files (Serialized files now loaded: 0)
Unloading 12 unused Assets / (21.9 KB). Loaded Objects now: 2477.
Memory consumption went from 46.6 MB to 46.6 MB.
Total: 17.887500 ms (FindLiveObjects: 0.297500 ms CreateObjectMapping: 0.256100 ms MarkObjects: 17.259100 ms  DeleteObjects: 0.071600 ms)

AssetImportParameters requested are different than current active one (requested -> active):
  custom:video-decoder-ogg-theora: a1e56fd34408186e4bbccfd4996cb3dc -> 
  custom:container-muxer-webm: aa71ff27fc2769a1b78a27578f13a17b -> 
  custom:container-demuxer-webm: 4f35f7cbe854078d1ac9338744f61a02 -> 
  custom:video-encoder-webm-vp8: eb34c28f22e8b96e1ab97ce403110664 -> 
  custom:audio-encoder-webm-vorbis: bf7c407c2cedff20999df2af8eb42d56 -> 
  custom:framework-win-MediaFoundation: 216162199b28c13a410421893ffa2e32 -> 
  custom:container-demuxer-ogg: 62fdf1f143b41e24485cea50d1cbac27 -> 
  custom:video-decoder-webm-vp8: 9c59270c3fd7afecdb556c50c9e8de78 -> 
  custom:audio-decoder-ogg-vorbis: bf7c407c2cedff20999df2af8eb42d56 -> 
========================================================================
Received Import Request.
  Time since last request: 132.244299 seconds.
  path: Assets/Prefabs/BeatingHeart/materials/Blank image.jpg
  artifactKey: Guid(e6deb25ff4a3136419dc04cdeff53f1f) Importer(815301076,1909f56bfc062723c751e8b465ee728b)
Start importing Assets/Prefabs/BeatingHeart/materials/Blank image.jpg using Guid(e6deb25ff4a3136419dc04cdeff53f1f) Importer(815301076,1909f56bfc062723c751e8b465ee728b)  -> (artifact id: 'e3fe2ce96b1db62a031b0c9b66e79994') in 0.051133 seconds 
========================================================================
Received Import Request.
  Time since last request: 30.662550 seconds.
  path: Assets/Prefabs/BeatingHeart/materials/Blank image.jpg
  artifactKey: Guid(e6deb25ff4a3136419dc04cdeff53f1f) Importer(815301076,1909f56bfc062723c751e8b465ee728b)
Start importing Assets/Prefabs/BeatingHeart/materials/Blank image.jpg using Guid(e6deb25ff4a3136419dc04cdeff53f1f) Importer(815301076,1909f56bfc062723c751e8b465ee728b)  -> (artifact id: 'cea6ace5ebc4a1657731986066eb8e64') in 0.005723 seconds 
========================================================================
Received Import Request.
  Time since last request: 3.518479 seconds.
  path: Assets/Prefabs/BeatingHeart/materials/Blank.mtl
  artifactKey: Guid(0442ec2d896348448b83f96fa37787ee) Importer(815301076,1909f56bfc062723c751e8b465ee728b)
Start importing Assets/Prefabs/BeatingHeart/materials/Blank.mtl using Guid(0442ec2d896348448b83f96fa37787ee) Importer(815301076,1909f56bfc062723c751e8b465ee728b)  -> (artifact id: 'b89a7aa4154baa48b86bef941ebc6273') in 0.042034 seconds 
========================================================================
Received Prepare
Registering precompiled user dll's ...
Registered in 0.013992 seconds.
Begin MonoManager ReloadAssembly
Native extension for WindowsStandalone target not found
Native extension for WebGL target not found
Refreshing native plugins compatible for Editor in 0.85 ms, found 3 plugins.
Preloading 0 native plugins for Editor in 0.00 ms.
Mono: successfully reloaded assembly
- Completed reload, in  2.373 seconds
Domain Reload Profiling:
	ReloadAssembly (2376ms)
		BeginReloadAssembly (331ms)
			ExecutionOrderSort (0ms)
			DisableScriptedObjects (9ms)
			BackupInstance (0ms)
			ReleaseScriptingObjects (0ms)
			CreateAndSetChildDomain (86ms)
		EndReloadAssembly (1772ms)
			LoadAssemblies (200ms)
			RebuildTransferFunctionScriptingTraits (0ms)
			SetupTypeCache (526ms)
			ReleaseScriptCaches (1ms)
			RebuildScriptCaches (83ms)
			SetupLoadedEditorAssemblies (818ms)
				LogAssemblyErrors (0ms)
				InitializePlatformSupportModulesInManaged (32ms)
				SetLoadedEditorAssemblies (1ms)
				RefreshPlugins (1ms)
				BeforeProcessingInitializeOnLoad (130ms)
				ProcessInitializeOnLoadAttributes (567ms)
				ProcessInitializeOnLoadMethodAttributes (62ms)
				AfterProcessingInitializeOnLoad (25ms)
				EditorAssembliesLoaded (1ms)
			ExecutionOrderSort2 (0ms)
			AwakeInstancesAfterBackupRestoration (17ms)
Platform modules already initialized, skipping
Switching build target platform(19) subTarget(0) extendedPlatform(0) -> platform(13) subTarget(0) extendedPlatform(0)
Refreshing native plugins compatible for Editor in 0.66 ms, found 3 plugins.
Preloading 0 native plugins for Editor in 0.00 ms.
Unloading 1949 Unused Serialized files (Serialized files now loaded: 0)
Unloading 15 unused Assets / (24.6 KB). Loaded Objects now: 2479.
Memory consumption went from 85.7 MB to 85.6 MB.
Total: 5.410500 ms (FindLiveObjects: 0.281200 ms CreateObjectMapping: 0.173500 ms MarkObjects: 4.921700 ms  DeleteObjects: 0.032100 ms)

AssetImportParameters requested are different than current active one (requested -> active):
  custom:video-decoder-ogg-theora: a1e56fd34408186e4bbccfd4996cb3dc -> 
  custom:container-muxer-webm: aa71ff27fc2769a1b78a27578f13a17b -> 
  custom:container-demuxer-webm: 4f35f7cbe854078d1ac9338744f61a02 -> 
  custom:video-encoder-webm-vp8: eb34c28f22e8b96e1ab97ce403110664 -> 
  custom:audio-encoder-webm-vorbis: bf7c407c2cedff20999df2af8eb42d56 -> 
  custom:framework-win-MediaFoundation: 216162199b28c13a410421893ffa2e32 -> 
  custom:container-demuxer-ogg: 62fdf1f143b41e24485cea50d1cbac27 -> 
  custom:video-decoder-webm-vp8: 9c59270c3fd7afecdb556c50c9e8de78 -> 
  custom:audio-decoder-ogg-vorbis: bf7c407c2cedff20999df2af8eb42d56 -> 
========================================================================
Received Import Request.
  Time since last request: 172.059718 seconds.
  path: Assets/Prefabs/BeatingHeart/meshes
  artifactKey: Guid(fa685a511d7099c46b06caa7802854f9) Importer(815301076,1909f56bfc062723c751e8b465ee728b)
Start importing Assets/Prefabs/BeatingHeart/meshes using Guid(fa685a511d7099c46b06caa7802854f9) Importer(815301076,1909f56bfc062723c751e8b465ee728b)  -> (artifact id: '078a7b3a28baaac36493ca3719c07bc3') in 0.023987 seconds 
========================================================================
Received Import Request.
  Time since last request: 5.736021 seconds.
  path: Assets/Prefabs/BeatingHeart/materials/21440_Heart_v1.prefab
  artifactKey: Guid(6531639a09a51f846a9a1ea46e3d8643) Importer(815301076,1909f56bfc062723c751e8b465ee728b)
Start importing Assets/Prefabs/BeatingHeart/materials/21440_Heart_v1.prefab using Guid(6531639a09a51f846a9a1ea46e3d8643) Importer(815301076,1909f56bfc062723c751e8b465ee728b)  -> (artifact id: '14ead73ffacbf13634c487827c742882') in 0.224584 seconds 
========================================================================
Received Import Request.
  Time since last request: 4.374156 seconds.
  path: Assets/Prefabs/BeatingHeart/materials/21440_Heart_v1.prefab
  artifactKey: Guid(6531639a09a51f846a9a1ea46e3d8643) Importer(815301076,1909f56bfc062723c751e8b465ee728b)
Start importing Assets/Prefabs/BeatingHeart/materials/21440_Heart_v1.prefab using Guid(6531639a09a51f846a9a1ea46e3d8643) Importer(815301076,1909f56bfc062723c751e8b465ee728b)  -> (artifact id: 'c81441b0bc249d69144ceb176af5c8b4') in 0.043033 seconds 
========================================================================
Received Import Request.
  Time since last request: 31.596086 seconds.
  path: Assets/Prefabs/BeatingHeart/materials/21440_Heart_v1 1.prefab
  artifactKey: Guid(fc333a4349f227a49bbc9afcc9e9823a) Importer(815301076,1909f56bfc062723c751e8b465ee728b)
Start importing Assets/Prefabs/BeatingHeart/materials/21440_Heart_v1 1.prefab using Guid(fc333a4349f227a49bbc9afcc9e9823a) Importer(815301076,1909f56bfc062723c751e8b465ee728b)  -> (artifact id: '8a8ceb7dba0c26a188455520cf77731b') in 0.067469 seconds 
========================================================================
Received Import Request.
  Time since last request: 15.443799 seconds.
  path: Assets/Prefabs/BeatingHeart/materials/21440_Heart_v1 1.prefab
  artifactKey: Guid(fc333a4349f227a49bbc9afcc9e9823a) Importer(815301076,1909f56bfc062723c751e8b465ee728b)
Start importing Assets/Prefabs/BeatingHeart/materials/21440_Heart_v1 1.prefab using Guid(fc333a4349f227a49bbc9afcc9e9823a) Importer(815301076,1909f56bfc062723c751e8b465ee728b)  -> (artifact id: 'e480d6397ebb091aae5c90a9dd220ed4') in 0.050244 seconds 
========================================================================
Received Import Request.
  Time since last request: 0.000044 seconds.
  path: Assets/Prefabs/BeatingHeart/materials/21440_Heart_v1Mat.mat
  artifactKey: Guid(499cfea01c0479a408b361cf9cfbfe5b) Importer(815301076,1909f56bfc062723c751e8b465ee728b)
Start importing Assets/Prefabs/BeatingHeart/materials/21440_Heart_v1Mat.mat using Guid(499cfea01c0479a408b361cf9cfbfe5b) Importer(815301076,1909f56bfc062723c751e8b465ee728b)  -> (artifact id: '1487ae86aaa77a142b32603eee5451b3') in 0.087422 seconds 
========================================================================
Received Import Request.
  Time since last request: 0.000057 seconds.
  path: Assets/Prefabs/BeatingHeart/materials/21440_Heart_v1.obj
  artifactKey: Guid(713f0253717e0584b8d38a382275de26) Importer(815301076,1909f56bfc062723c751e8b465ee728b)
Start importing Assets/Prefabs/BeatingHeart/materials/21440_Heart_v1.obj using Guid(713f0253717e0584b8d38a382275de26) Importer(815301076,1909f56bfc062723c751e8b465ee728b)  -> (artifact id: 'add52d17380b797d41ce53c5b71152e3') in 0.073445 seconds 
========================================================================
Received Prepare
Refreshing native plugins compatible for Editor in 5.20 ms, found 3 plugins.
Preloading 0 native plugins for Editor in 0.00 ms.
Unloading 12 Unused Serialized files (Serialized files now loaded: 0)
Unloading 12 unused Assets / (21.9 KB). Loaded Objects now: 2480.
Memory consumption went from 46.7 MB to 46.7 MB.
Total: 9.159700 ms (FindLiveObjects: 0.272100 ms CreateObjectMapping: 0.177500 ms MarkObjects: 8.669600 ms  DeleteObjects: 0.038100 ms)

AssetImportParameters requested are different than current active one (requested -> active):
  custom:video-decoder-ogg-theora: a1e56fd34408186e4bbccfd4996cb3dc -> 
  custom:container-muxer-webm: aa71ff27fc2769a1b78a27578f13a17b -> 
  custom:container-demuxer-webm: 4f35f7cbe854078d1ac9338744f61a02 -> 
  custom:video-encoder-webm-vp8: eb34c28f22e8b96e1ab97ce403110664 -> 
  custom:audio-encoder-webm-vorbis: bf7c407c2cedff20999df2af8eb42d56 -> 
  custom:framework-win-MediaFoundation: 216162199b28c13a410421893ffa2e32 -> 
  custom:container-demuxer-ogg: 62fdf1f143b41e24485cea50d1cbac27 -> 
  custom:video-decoder-webm-vp8: 9c59270c3fd7afecdb556c50c9e8de78 -> 
  custom:audio-decoder-ogg-vorbis: bf7c407c2cedff20999df2af8eb42d56 -> 
========================================================================
Received Import Request.
  Time since last request: 281.032667 seconds.
  path: Assets/Prefabs/BeatingHeart/materials/uploads_files_669181_cat_01_color05.obj
  artifactKey: Guid(6ca246c56dcf32145ac25bd03a5a7d8c) Importer(815301076,1909f56bfc062723c751e8b465ee728b)
Start importing Assets/Prefabs/BeatingHeart/materials/uploads_files_669181_cat_01_color05.obj using Guid(6ca246c56dcf32145ac25bd03a5a7d8c) Importer(815301076,1909f56bfc062723c751e8b465ee728b)  -> (artifact id: '5fa073b596d71d5333ac0d16123cbeeb') in 0.143840 seconds 
========================================================================
Received Import Request.
  Time since last request: 6.436591 seconds.
  path: Assets/Prefabs/BeatingHeart/materials/cat_01_color05Mat.mat
  artifactKey: Guid(beaf70ac85392f14ea8d2bf4bb823efc) Importer(815301076,1909f56bfc062723c751e8b465ee728b)
Start importing Assets/Prefabs/BeatingHeart/materials/cat_01_color05Mat.mat using Guid(beaf70ac85392f14ea8d2bf4bb823efc) Importer(815301076,1909f56bfc062723c751e8b465ee728b)  -> (artifact id: 'a40ec12a18c5ba7e395b761deeb04451') in 0.126759 seconds 
========================================================================
Received Import Request.
  Time since last request: 0.000049 seconds.
  path: Assets/Prefabs/BeatingHeart/materials/uploads_files_669181_cat_01_color05.obj
  artifactKey: Guid(6ca246c56dcf32145ac25bd03a5a7d8c) Importer(815301076,1909f56bfc062723c751e8b465ee728b)
Start importing Assets/Prefabs/BeatingHeart/materials/uploads_files_669181_cat_01_color05.obj using Guid(6ca246c56dcf32145ac25bd03a5a7d8c) Importer(815301076,1909f56bfc062723c751e8b465ee728b)  -> (artifact id: '015d1aab16ddb1ce6b4d39a9f159ff56') in 0.150650 seconds 
========================================================================
Received Import Request.
  Time since last request: 0.000053 seconds.
  path: Assets/Prefabs/BeatingHeart/materials/Object003Mat.mat
  artifactKey: Guid(a663c66874166f340a9141f3fc0798b4) Importer(815301076,1909f56bfc062723c751e8b465ee728b)
Start importing Assets/Prefabs/BeatingHeart/materials/Object003Mat.mat using Guid(a663c66874166f340a9141f3fc0798b4) Importer(815301076,1909f56bfc062723c751e8b465ee728b)  -> (artifact id: 'ed7fc62fed96e61f3ecd33ecb4578298') in 0.063734 seconds 
========================================================================
Received Import Request.
  Time since last request: 123.490483 seconds.
  path: Assets/Prefabs/BeatingHeart/materials/uploads_files_669181_cat_01_color05.prefab
  artifactKey: Guid(3e82fc8d14cf7f44290358a885e16751) Importer(815301076,1909f56bfc062723c751e8b465ee728b)
Start importing Assets/Prefabs/BeatingHeart/materials/uploads_files_669181_cat_01_color05.prefab using Guid(3e82fc8d14cf7f44290358a885e16751) Importer(815301076,1909f56bfc062723c751e8b465ee728b)  -> (artifact id: '26c0d491f430156e3d4414f1329725cf') in 0.041807 seconds 
========================================================================
Received Import Request.
  Time since last request: 21.857265 seconds.
  path: Assets/Prefabs/BeatingHeart/materials/cat_01_color05Mat.mat
  artifactKey: Guid(beaf70ac85392f14ea8d2bf4bb823efc) Importer(815301076,1909f56bfc062723c751e8b465ee728b)
Start importing Assets/Prefabs/BeatingHeart/materials/cat_01_color05Mat.mat using Guid(beaf70ac85392f14ea8d2bf4bb823efc) Importer(815301076,1909f56bfc062723c751e8b465ee728b)  -> (artifact id: 'f307e0006ff870645759b234411be4f8') in 0.037727 seconds 
========================================================================
Received Import Request.
  Time since last request: 0.000038 seconds.
  path: Assets/Prefabs/BeatingHeart/materials/uploads_files_669181_cat_01_color05.obj
  artifactKey: Guid(6ca246c56dcf32145ac25bd03a5a7d8c) Importer(815301076,1909f56bfc062723c751e8b465ee728b)
Start importing Assets/Prefabs/BeatingHeart/materials/uploads_files_669181_cat_01_color05.obj using Guid(6ca246c56dcf32145ac25bd03a5a7d8c) Importer(815301076,1909f56bfc062723c751e8b465ee728b)  -> (artifact id: '2d702efabe0b8939a2078792b645e81b') in 0.113186 seconds 
========================================================================
Received Import Request.
  Time since last request: 0.000050 seconds.
  path: Assets/Prefabs/BeatingHeart/materials/uploads_files_669181_cat_01_color05.prefab
  artifactKey: Guid(3e82fc8d14cf7f44290358a885e16751) Importer(815301076,1909f56bfc062723c751e8b465ee728b)
Start importing Assets/Prefabs/BeatingHeart/materials/uploads_files_669181_cat_01_color05.prefab using Guid(3e82fc8d14cf7f44290358a885e16751) Importer(815301076,1909f56bfc062723c751e8b465ee728b)  -> (artifact id: '7a6c37cc0e4483ba7eb93c8d3a4beec3') in 0.042270 seconds 
========================================================================
Received Import Request.
  Time since last request: 0.000046 seconds.
  path: Assets/Prefabs/BeatingHeart/materials/Object003Mat.mat
  artifactKey: Guid(a663c66874166f340a9141f3fc0798b4) Importer(815301076,1909f56bfc062723c751e8b465ee728b)
Start importing Assets/Prefabs/BeatingHeart/materials/Object003Mat.mat using Guid(a663c66874166f340a9141f3fc0798b4) Importer(815301076,1909f56bfc062723c751e8b465ee728b)  -> (artifact id: 'e644b5bb76a0ebd34ee0f91fa7d4d5a3') in 0.035615 seconds 
========================================================================
Received Prepare
Registering precompiled user dll's ...
Registered in 0.014316 seconds.
Begin MonoManager ReloadAssembly
Native extension for WindowsStandalone target not found
Native extension for WebGL target not found
Refreshing native plugins compatible for Editor in 0.73 ms, found 3 plugins.
Preloading 0 native plugins for Editor in 0.00 ms.
Mono: successfully reloaded assembly
- Completed reload, in  2.733 seconds
Domain Reload Profiling:
	ReloadAssembly (2735ms)
		BeginReloadAssembly (563ms)
			ExecutionOrderSort (0ms)
			DisableScriptedObjects (12ms)
			BackupInstance (0ms)
			ReleaseScriptingObjects (0ms)
			CreateAndSetChildDomain (146ms)
		EndReloadAssembly (1852ms)
			LoadAssemblies (318ms)
			RebuildTransferFunctionScriptingTraits (0ms)
			SetupTypeCache (587ms)
			ReleaseScriptCaches (3ms)
			RebuildScriptCaches (123ms)
			SetupLoadedEditorAssemblies (766ms)
				LogAssemblyErrors (0ms)
				InitializePlatformSupportModulesInManaged (29ms)
				SetLoadedEditorAssemblies (2ms)
				RefreshPlugins (1ms)
				BeforeProcessingInitializeOnLoad (139ms)
				ProcessInitializeOnLoadAttributes (524ms)
				ProcessInitializeOnLoadMethodAttributes (55ms)
				AfterProcessingInitializeOnLoad (16ms)
				EditorAssembliesLoaded (0ms)
			ExecutionOrderSort2 (0ms)
			AwakeInstancesAfterBackupRestoration (15ms)
Platform modules already initialized, skipping
Switching build target platform(19) subTarget(0) extendedPlatform(0) -> platform(13) subTarget(0) extendedPlatform(0)
Refreshing native plugins compatible for Editor in 0.64 ms, found 3 plugins.
Preloading 0 native plugins for Editor in 0.00 ms.
Unloading 1949 Unused Serialized files (Serialized files now loaded: 0)
Unloading 16 unused Assets / (41.7 KB). Loaded Objects now: 2481.
Memory consumption went from 85.7 MB to 85.7 MB.
Total: 4.688700 ms (FindLiveObjects: 0.279400 ms CreateObjectMapping: 0.156800 ms MarkObjects: 4.178200 ms  DeleteObjects: 0.072300 ms)

AssetImportParameters requested are different than current active one (requested -> active):
  custom:video-decoder-ogg-theora: a1e56fd34408186e4bbccfd4996cb3dc -> 
  custom:container-muxer-webm: aa71ff27fc2769a1b78a27578f13a17b -> 
  custom:container-demuxer-webm: 4f35f7cbe854078d1ac9338744f61a02 -> 
  custom:video-encoder-webm-vp8: eb34c28f22e8b96e1ab97ce403110664 -> 
  custom:audio-encoder-webm-vorbis: bf7c407c2cedff20999df2af8eb42d56 -> 
  custom:framework-win-MediaFoundation: 216162199b28c13a410421893ffa2e32 -> 
  custom:container-demuxer-ogg: 62fdf1f143b41e24485cea50d1cbac27 -> 
  custom:video-decoder-webm-vp8: 9c59270c3fd7afecdb556c50c9e8de78 -> 
  custom:audio-decoder-ogg-vorbis: bf7c407c2cedff20999df2af8eb42d56 -> 
========================================================================
Received Prepare
Refreshing native plugins compatible for Editor in 4.23 ms, found 3 plugins.
Preloading 0 native plugins for Editor in 0.00 ms.
Unloading 13 Unused Serialized files (Serialized files now loaded: 0)
Unloading 12 unused Assets / (21.9 KB). Loaded Objects now: 2482.
Memory consumption went from 46.9 MB to 46.8 MB.
Total: 14.700200 ms (FindLiveObjects: 0.704100 ms CreateObjectMapping: 0.258100 ms MarkObjects: 13.700200 ms  DeleteObjects: 0.035500 ms)

AssetImportParameters requested are different than current active one (requested -> active):
  custom:video-decoder-ogg-theora: a1e56fd34408186e4bbccfd4996cb3dc -> 
  custom:container-muxer-webm: aa71ff27fc2769a1b78a27578f13a17b -> 
  custom:container-demuxer-webm: 4f35f7cbe854078d1ac9338744f61a02 -> 
  custom:video-encoder-webm-vp8: eb34c28f22e8b96e1ab97ce403110664 -> 
  custom:audio-encoder-webm-vorbis: bf7c407c2cedff20999df2af8eb42d56 -> 
  custom:framework-win-MediaFoundation: 216162199b28c13a410421893ffa2e32 -> 
  custom:container-demuxer-ogg: 62fdf1f143b41e24485cea50d1cbac27 -> 
  custom:video-decoder-webm-vp8: 9c59270c3fd7afecdb556c50c9e8de78 -> 
  custom:audio-decoder-ogg-vorbis: bf7c407c2cedff20999df2af8eb42d56 -> 
========================================================================
Received Prepare
Refreshing native plugins compatible for Editor in 4.43 ms, found 3 plugins.
Preloading 0 native plugins for Editor in 0.00 ms.
Unloading 12 Unused Serialized files (Serialized files now loaded: 0)
Unloading 12 unused Assets / (21.9 KB). Loaded Objects now: 2482.
Memory consumption went from 46.8 MB to 46.8 MB.
Total: 11.141900 ms (FindLiveObjects: 2.481600 ms CreateObjectMapping: 0.469400 ms MarkObjects: 8.130500 ms  DeleteObjects: 0.041600 ms)

AssetImportParameters requested are different than current active one (requested -> active):
  custom:video-decoder-ogg-theora: a1e56fd34408186e4bbccfd4996cb3dc -> 
  custom:container-muxer-webm: aa71ff27fc2769a1b78a27578f13a17b -> 
  custom:container-demuxer-webm: 4f35f7cbe854078d1ac9338744f61a02 -> 
  custom:video-encoder-webm-vp8: eb34c28f22e8b96e1ab97ce403110664 -> 
  custom:audio-encoder-webm-vorbis: bf7c407c2cedff20999df2af8eb42d56 -> 
  custom:framework-win-MediaFoundation: 216162199b28c13a410421893ffa2e32 -> 
  custom:container-demuxer-ogg: 62fdf1f143b41e24485cea50d1cbac27 -> 
  custom:video-decoder-webm-vp8: 9c59270c3fd7afecdb556c50c9e8de78 -> 
  custom:audio-decoder-ogg-vorbis: bf7c407c2cedff20999df2af8eb42d56 -> 
